apparmor module is loaded.
22 profiles are loaded.
22 profiles are in enforce mode.
   /sbin/dhclient
   /usr/bin/evince
   /usr/bin/evince-previewer
   /usr/bin/evince-previewer//launchpad_integration
   /usr/bin/evince-previewer//sanitized_helper
   /usr/bin/evince-thumbnailer
   /usr/bin/evince-thumbnailer//sanitized_helper
   /usr/bin/evince//launchpad_integration
   /usr/bin/evince//sanitized_helper
   /usr/lib/NetworkManager/nm-dhcp-client.action
   /usr/lib/connman/scripts/dhclient-script
   /usr/lib/cups/backend/cups-pdf
   /usr/lib/libvirt/virt-aa-helper
   /usr/lib/lightdm/lightdm/lightdm-guest-session-wrapper
   /usr/lib/telepathy/mission-control-5
   /usr/lib/telepathy/telepathy-*
   /usr/sbin/cupsd
   /usr/sbin/libvirtd
   /usr/sbin/mysqld
   /usr/sbin/mysqld-akonadi
   /usr/sbin/mysqld-akonadi///usr/sbin/mysqld
   /usr/sbin/tcpdump
0 profiles are in complain mode.
6 processes have profiles defined.
6 processes are in enforce mode.
   /sbin/dhclient (1100) 
   /usr/lib/telepathy/mission-control-5 (2745) 
   /usr/sbin/cupsd (973) 
   /usr/sbin/cupsd (3171) 
   /usr/sbin/libvirtd (1479) 
   /usr/sbin/mysqld (1265) 
0 processes are in complain mode.
0 processes are unconfined but have a profile defined.
